<?xml version="1.0" encoding="UTF-8"?>
<!-- Generated by org.testng.reporters.JUnitReportReporter -->
<testsuite hostname="DESKTOP-6LPQML3" failures="0" tests="1" name="task.TagsQuesion" time="0.761" errors="0" timestamp="2023-08-06T14:57:16 IST" skipped="0">
  <testcase classname="task.TagsQuesion" name="listOfQuesions" time="0.761"/>
</testsuite> <!-- task.TagsQuesion -->
