<?xml version="1.0" encoding="UTF-8"?>
<!-- Generated by org.testng.reporters.JUnitReportReporter -->
<testsuite hostname="DESKTOP-6LPQML3" failures="0" tests="1" name="com.auto.www.TakeScreenshortDemo" time="0.249" errors="0" timestamp="2023-08-10T08:17:08 IST" skipped="0">
  <testcase classname="com.auto.www.TakeScreenshortDemo" name="getScreenShortDemo" time="0.249"/>
</testsuite> <!-- com.auto.www.TakeScreenshortDemo -->
