<?xml version="1.0" encoding="UTF-8"?>
<!-- Generated by org.testng.reporters.JUnitReportReporter -->
<testsuite hostname="DESKTOP-6LPQML3" failures="0" tests="2" name="com.TestNG.DemoTestNG" time="0.021" errors="0" timestamp="2023-07-31T15:26:46 IST" skipped="0">
  <testcase classname="com.TestNG.DemoTestNG" name="m6" time="0.005">
    <system-out>
      <![CDATA[Test 'Test m 6']]>
    </system-out>
  </testcase> <!-- m6 -->
  <testcase classname="com.TestNG.DemoTestNG" name="m1" time="0.016">
    <system-out>
      <![CDATA[Test 'Test m 1']]>
    </system-out>
  </testcase> <!-- m1 -->
  <system-out>
    <![CDATA[Before test M2
Before Method M4
Test 'Test m 1'
After Method M5
Before Method M4
Test 'Test m 6'
After Method M5
After test M3]]>
  </system-out>
</testsuite> <!-- com.TestNG.DemoTestNG -->
