<?xml version="1.0" encoding="UTF-8"?>
<!-- Generated by org.testng.reporters.JUnitReportReporter -->
<testsuite hostname="DESKTOP-6LPQML3" failures="0" tests="3" name="com.TestNG.SeleniumProject" time="2.207" errors="0" timestamp="2023-08-05T19:45:40 IST" skipped="0">
  <testcase classname="com.TestNG.SeleniumProject" name="verifyTitle" time="0.060"/>
  <testcase classname="com.TestNG.SeleniumProject" name="verifyUrl" time="0.029"/>
  <testcase classname="com.TestNG.SeleniumProject" name="verifyThreeSlider" time="2.118"/>
</testsuite> <!-- com.TestNG.SeleniumProject -->
