<?xml version="1.0" encoding="UTF-8"?>
<!-- Generated by org.testng.reporters.JUnitReportReporter -->
<testsuite hostname="DESKTOP-6LPQML3" failures="0" tests="3" name="com.TestNG.HomePageTestCases" time="10.918" errors="0" timestamp="2023-08-01T12:20:56 IST" skipped="0">
  <testcase classname="com.TestNG.HomePageTestCases" name="verifyHomePageTitle" time="4.445"/>
  <testcase classname="com.TestNG.HomePageTestCases" name="verifyHomePageUrl" time="3.325"/>
  <testcase classname="com.TestNG.HomePageTestCases" name="pageWithThreeSliders" time="3.148"/>
</testsuite> <!-- com.TestNG.HomePageTestCases -->
